2021/12/24 10:47:23 AM - INFO - this is an INFO log!: 13
2021/12/24 10:47:50 AM - INFO - this is an INFO log!: 13
2021/12/24 10:48:15 AM - INFO - this is an INFO log!: 13
2021/12/24 17:58:09 PM - INFO - this is an INFO log!:
2021/12/25 01:50:16 AM - INFO - this is an INFO log!:
2021/12/25 03:55:47 AM - WARNING - No handles with labels found to put in legend.:
2021/12/25 03:56:09 AM - WARNING - No handles with labels found to put in legend.:
2021/12/25 03:56:22 AM - WARNING - No handles with labels found to put in legend.:
2021/12/25 03:56:30 AM - WARNING - No handles with labels found to put in legend.:
2021/12/25 03:56:43 AM - WARNING - No handles with labels found to put in legend.:
2021/12/25 03:56:52 AM - WARNING - No handles with labels found to put in legend.:
2021/12/25 03:57:01 AM - WARNING - No handles with labels found to put in legend.:
2021/12/25 03:58:20 AM - WARNING - No handles with labels found to put in legend.:
2021/12/25 03:58:27 AM - WARNING - No handles with labels found to put in legend.:
2021/12/25 03:59:16 AM - WARNING - No handles with labels found to put in legend.:
2021/12/25 03:59:27 AM - WARNING - No handles with labels found to put in legend.:
2021/12/25 03:59:47 AM - WARNING - No handles with labels found to put in legend.:
2021/12/25 03:59:53 AM - WARNING - No handles with labels found to put in legend.:
2021/12/25 03:59:58 AM - WARNING - No handles with labels found to put in legend.:
2021/12/25 04:00:09 AM - WARNING - No handles with labels found to put in legend.:
2021/12/25 04:00:47 AM - WARNING - No handles with labels found to put in legend.:
2021/12/25 04:01:54 AM - WARNING - No handles with labels found to put in legend.:
2021/12/25 04:02:09 AM - WARNING - No handles with labels found to put in legend.:
2021/12/25 04:02:23 AM - WARNING - No handles with labels found to put in legend.:
2021/12/25 04:02:29 AM - WARNING - No handles with labels found to put in legend.:
2021/12/25 04:02:35 AM - WARNING - No handles with labels found to put in legend.:
2021/12/25 04:02:49 AM - WARNING - No handles with labels found to put in legend.:
2021/12/25 04:02:56 AM - WARNING - No handles with labels found to put in legend.:
2021/12/25 13:59:26 PM - WARNING - No handles with labels found to put in legend.:
2021/12/27 01:26:27 AM - INFO - this is an INFO log!:
2021/12/27 09:56:01 AM - INFO - this is an INFO log!:
2021/12/27 10:18:51 AM - INFO - this is an INFO log!:
2021/12/27 12:31:12 PM - INFO - this is an INFO log!:
